生成启动时间为 2014/10/25 14:50:46。
     1>项目“D:\Programming_in_CPP\Database\Database\Database.vcxproj”在节点 2 上(Build 个目标)。
     1>ClCompile:
         D:\VS2012\VC\bin\CL.exe /c /ZI /nologo /W3 /WX- /Od /Oy- /D _MBCS /Gm /EHsc /RTC1 /MDd /GS /fp:precise /Zc:wchar_t /Zc:forScope /Fo"Debug\\" /Fd"Debug\vc110.pdb" /Gd /TP /analyze- /errorReport:prompt DBRecordModule.cpp
         DBRecordModule.cpp
     1>d:\programming_in_cpp\database\database\dbrecord.h(25): warning C4996: 'strcpy': This function or variable may be unsafe. Consider using strcpy_s instead. To disable deprecation, use _CRT_SECURE_NO_WARNINGS. See online help for details.
                 d:\vs2012\vc\include\string.h(110) : 参见“strcpy”的声明
       Link:
         D:\VS2012\VC\bin\link.exe /ERRORREPORT:PROMPT /OUT:"D:\Programming_in_CPP\Database\Debug\Database.exe" /INCREMENTAL /NOLOGO kernel32.lib user32.lib gdi32.lib winspool.lib comdlg32.lib advapi32.lib shell32.lib ole32.lib oleaut32.lib uuid.lib odbc32.lib odbccp32.lib /MANIFEST /MANIFESTUAC:"level='asInvoker' uiAccess='false'" /manifest:embed /DEBUG /PDB:"D:\Programming_in_CPP\Database\Debug\Database.pdb" /TLBID:1 /DYNAMICBASE /NXCOMPAT /IMPLIB:"D:\Programming_in_CPP\Database\Debug\Database.lib" /MACHINE:X86 Debug\DBError.obj
         Debug\DBFBuf.obj
         Debug\DBFile.obj
         Debug\DBHash.obj
         Debug\DBIndexManager.obj
         Debug\DBPageManager.obj
         Debug\DBRecordModule.obj
         Debug\main.obj
         Database.vcxproj -> D:\Programming_in_CPP\Database\Debug\Database.exe
     1>已完成生成项目“D:\Programming_in_CPP\Database\Database\Database.vcxproj”(Build 个目标)的操作。

生成成功。

已用时间 00:00:03.81
